<?xml version="1.0" encoding="UTF-8"?>
<testng-results ignored="0" total="1" passed="1" failed="0" skipped="0">
  <reporter-output>
  </reporter-output>
  <suite started-at="2024-03-28T20:44:43 IST" name="Surefire suite" finished-at="2024-03-28T20:44:51 IST" duration-ms="7591">
    <groups>
    </groups>
    <test started-at="2024-03-28T20:44:43 IST" name="Surefire test" finished-at="2024-03-28T20:44:51 IST" duration-ms="7591">
      <class name="apptest.TestApp">
        <test-method signature="Main()[pri:0, instance:apptest.TestApp@6107227e]" started-at="2024-03-28T20:44:43 IST" name="Main" finished-at="2024-03-28T20:44:51 IST" duration-ms="7547" status="PASS">
          <reporter-output>
          </reporter-output>
        </test-method> <!-- Main -->
      </class> <!-- apptest.TestApp -->
    </test> <!-- Surefire test -->
  </suite> <!-- Surefire suite -->
</testng-results>
